[02mar.2024 15:15:59.750] [main/INFO] [cpw.mods.modlauncher.Launcher/MODLAUNCHER]: ModLauncher running: args [--launchTarget, forgeclientuserdev, --version, 20.4.142-beta, --assetIndex, asset-index, --assetsDir, C:\Users\cursotecnico01\.gradle\caches\minecraft\assets\1.20.4, --gameDir, ., --fml.neoForgeVersion, 20.4.142-beta, --fml.fmlVersion, 2.0.11, --fml.mcVersion, 1.20.4, --fml.neoFormVersion, 20231207.154220]
[02mar.2024 15:15:59.761] [main/INFO] [cpw.mods.modlauncher.Launcher/MODLAUNCHER]: ModLauncher 10.0.9+10.0.9+main.dcd20f30 starting: java version 17.0.6 by Eclipse Adoptium; OS Windows 10 arch amd64 version 10.0
[02mar.2024 15:15:59.826] [main/DEBUG] [cpw.mods.modlauncher.LaunchServiceHandler/MODLAUNCHER]: Found launch services [minecraft,forgeclient,forgedatauserdev,testharness,forgeserverdev,forgeserveruserdev,forgeclientdev,forgeclientuserdev,forgeserver,forgedatadev]
[02mar.2024 15:15:59.890] [main/DEBUG] [cpw.mods.modlauncher.NameMappingServiceHandler/MODLAUNCHER]: Found naming services : [srgtomcp]
[02mar.2024 15:15:59.959] [main/DEBUG] [cpw.mods.modlauncher.LaunchPluginHandler/MODLAUNCHER]: Found launch plugins: [mixin,slf4jfixer,runtime_enum_extender,accesstransformer,runtimedistcleaner]
[02mar.2024 15:16:00.043] [main/DEBUG] [cpw.mods.modlauncher.TransformationServicesHandler/MODLAUNCHER]: Discovering transformation services
[02mar.2024 15:16:00.098] [main/DEBUG] [net.neoforged.fml.loading.FMLPaths/CORE]: Path GAMEDIR is D:\aaaa\boiled_witchcraft\runs\client
[02mar.2024 15:16:00.099] [main/DEBUG] [net.neoforged.fml.loading.FMLPaths/CORE]: Path MODSDIR is D:\aaaa\boiled_witchcraft\runs\client\mods
[02mar.2024 15:16:00.100] [main/DEBUG] [net.neoforged.fml.loading.FMLPaths/CORE]: Path CONFIGDIR is D:\aaaa\boiled_witchcraft\runs\client\config
[02mar.2024 15:16:00.101] [main/DEBUG] [net.neoforged.fml.loading.FMLPaths/CORE]: Path FMLCONFIG is D:\aaaa\boiled_witchcraft\runs\client\config\fml.toml
[02mar.2024 15:16:00.175] [main/TRACE] [net.neoforged.fml.loading.FMLConfig/CORE]: Loaded FML config from D:\aaaa\boiled_witchcraft\runs\client\config\fml.toml
[02mar.2024 15:16:00.176] [main/TRACE] [net.neoforged.fml.loading.FMLConfig/CORE]: FMLConfig disableConfigWatcher is false
[02mar.2024 15:16:00.176] [main/TRACE] [net.neoforged.fml.loading.FMLConfig/CORE]: FMLConfig earlyWindowControl is true
[02mar.2024 15:16:00.176] [main/TRACE] [net.neoforged.fml.loading.FMLConfig/CORE]: FMLConfig maxThreads is 4
[02mar.2024 15:16:00.177] [main/TRACE] [net.neoforged.fml.loading.FMLConfig/CORE]: FMLConfig versionCheck is true
[02mar.2024 15:16:00.177] [main/TRACE] [net.neoforged.fml.loading.FMLConfig/CORE]: FMLConfig defaultConfigPath is defaultconfigs
[02mar.2024 15:16:00.177] [main/TRACE] [net.neoforged.fml.loading.FMLConfig/CORE]: FMLConfig disableOptimizedDFU is true
[02mar.2024 15:16:00.177] [main/TRACE] [net.neoforged.fml.loading.FMLConfig/CORE]: FMLConfig earlyWindowProvider is fmlearlywindow
[02mar.2024 15:16:00.177] [main/TRACE] [net.neoforged.fml.loading.FMLConfig/CORE]: FMLConfig earlyWindowWidth is 854
[02mar.2024 15:16:00.177] [main/TRACE] [net.neoforged.fml.loading.FMLConfig/CORE]: FMLConfig earlyWindowHeight is 480
[02mar.2024 15:16:00.177] [main/TRACE] [net.neoforged.fml.loading.FMLConfig/CORE]: FMLConfig earlyWindowFBScale is 1
[02mar.2024 15:16:00.177] [main/TRACE] [net.neoforged.fml.loading.FMLConfig/CORE]: FMLConfig earlyWindowMaximized is false
[02mar.2024 15:16:00.177] [main/TRACE] [net.neoforged.fml.loading.FMLConfig/CORE]: FMLConfig earlyWindowSkipGLVersions is []
[02mar.2024 15:16:00.178] [main/TRACE] [net.neoforged.fml.loading.FMLConfig/CORE]: FMLConfig earlyWindowSquir is false
[02mar.2024 15:16:00.191] [main/DEBUG] [cpw.mods.modlauncher.TransformationServicesHandler/MODLAUNCHER]: Found additional transformation services from discovery services: 
[02mar.2024 15:16:00.212] [main/INFO] [net.neoforged.fml.loading.ImmediateWindowHandler/]: Loading ImmediateWindowProvider fmlearlywindow
[02mar.2024 15:16:00.419] [main/INFO] [EARLYDISPLAY/]: Trying GL version 4.6
